2019-10-03 12:41:03,827  INFO [main] LogReports:23 - Chrome browser invoked...
2019-10-03 12:41:14,052  INFO [main] LogReports:23 - Application opened...
2019-10-03 12:41:28,339  INFO [main] LogReports:23 - Artificial Intelligence / Machine Learning
2019-10-03 12:41:28,374  INFO [main] LogReports:23 - Home › Services › Digital Life › Artificial Intelligence / Machine Learning
2019-10-03 12:50:01,594  INFO [main] LogReports:23 - Chrome browser invoked...
2019-10-03 12:50:11,402  INFO [main] LogReports:23 - Application opened...
2019-10-03 12:50:27,876  INFO [main] LogReports:23 - Artificial Intelligence / Machine Learning
2019-10-03 12:50:27,912  INFO [main] LogReports:23 - Home › Services › Digital Life › Artificial Intelligence / Machine Learning
2019-10-03 12:56:54,695  INFO [main] LogReports:23 - Chrome browser invoked...
2019-10-03 12:57:07,247  INFO [main] LogReports:23 - Application opened...
2019-10-03 12:57:23,729  INFO [main] LogReports:23 - Artificial Intelligence / Machine Learning
2019-10-03 12:57:23,762  INFO [main] LogReports:23 - Home › Services › Digital Life › Artificial Intelligence / Machine Learning
2019-10-03 13:00:55,323  INFO [main] LogReports:23 - Chrome browser invoked...
2019-10-03 13:01:16,616  INFO [main] LogReports:23 - Application opened...
2019-10-03 13:01:32,900  INFO [main] LogReports:23 - Chrome browser invoked...
2019-10-03 13:02:06,014  INFO [main] LogReports:23 - Application opened...
2019-10-03 13:02:20,137  INFO [main] LogReports:23 - Artificial Intelligence / Machine Learning
2019-10-03 13:02:20,172  INFO [main] LogReports:23 - Home › Services › Digital Life › Artificial Intelligence / Machine Learning
2019-10-03 13:09:19,745  INFO [main] LogReports:23 - Chrome browser invoked...
2019-10-03 13:09:30,743  INFO [main] LogReports:23 - Application opened...
2019-10-03 13:09:51,441  INFO [main] LogReports:23 - Artificial Intelligence / Machine Learning
2019-10-03 13:09:51,473  INFO [main] LogReports:23 - Home › Services › Digital Life › Artificial Intelligence / Machine Learning
2019-10-03 13:09:55,830  INFO [main] LogReports:23 - Augmented Reality / Virtual Reality
2019-10-03 13:53:00,740  INFO [main] LogReports:23 - Chrome browser invoked...
2019-10-03 13:53:01,338  INFO [main] LogReports:23 - Application opened...
2019-10-03 13:53:35,481  INFO [main] LogReports:23 - Chrome browser invoked...
2019-10-03 13:53:44,052  INFO [main] LogReports:23 - Application opened...
2019-10-03 13:53:57,282  INFO [main] LogReports:23 - Artificial Intelligence / Machine Learning
2019-10-03 13:53:57,325  INFO [main] LogReports:23 - Home › Services › Digital Life › Artificial Intelligence / Machine Learning
2019-10-03 13:54:01,268  INFO [main] LogReports:23 - Augmented Reality / Virtual Reality
2019-10-03 13:54:01,297  INFO [main] LogReports:23 - Home › Services › Digital Life › Augmented Reality / Virtual Reality
2019-10-03 13:59:19,058  INFO [main] LogReports:23 - Chrome browser invoked...
2019-10-03 13:59:27,316  INFO [main] LogReports:23 - Application opened...
2019-10-03 13:59:42,904  INFO [main] LogReports:23 - Artificial Intelligence / Machine Learning
2019-10-03 13:59:42,939  INFO [main] LogReports:23 - Home › Services › Digital Life › Artificial Intelligence / Machine Learning
2019-10-03 13:59:47,154  INFO [main] LogReports:23 - Augmented Reality / Virtual Reality
2019-10-03 13:59:47,196  INFO [main] LogReports:23 - Home › Services › Digital Life › Augmented Reality / Virtual Reality
2019-10-03 14:06:02,786  INFO [main] LogReports:23 - Chrome browser invoked...
2019-10-03 14:06:11,201  INFO [main] LogReports:23 - Application opened...
2019-10-03 14:06:23,927  INFO [main] LogReports:23 - Artificial Intelligence / Machine Learning
2019-10-03 14:06:23,968  INFO [main] LogReports:23 - Home › Services › Digital Life › Artificial Intelligence / Machine Learning
2019-10-03 14:06:29,162  INFO [main] LogReports:23 - Augmented Reality / Virtual Reality
2019-10-03 14:06:29,192  INFO [main] LogReports:23 - Home › Services › Digital Life › Augmented Reality / Virtual Reality
2019-10-03 14:06:48,424  INFO [main] LogReports:23 - Internet of Things
2019-10-03 14:08:44,481  INFO [main] LogReports:23 - Chrome browser invoked...
2019-10-03 14:08:52,699  INFO [main] LogReports:23 - Application opened...
2019-10-03 14:09:07,063  INFO [main] LogReports:23 - Artificial Intelligence / Machine Learning
2019-10-03 14:09:07,096  INFO [main] LogReports:23 - Home › Services › Digital Life › Artificial Intelligence / Machine Learning
2019-10-03 14:09:12,392  INFO [main] LogReports:23 - Augmented Reality / Virtual Reality
2019-10-03 14:09:12,422  INFO [main] LogReports:23 - Home › Services › Digital Life › Augmented Reality / Virtual Reality
2019-10-03 14:09:31,693  INFO [main] LogReports:23 - Internet of Things
2019-10-03 14:09:59,903  INFO [main] LogReports:23 - Chrome browser invoked...
2019-10-03 14:10:08,213  INFO [main] LogReports:23 - Application opened...
2019-10-03 14:10:21,635  INFO [main] LogReports:23 - Artificial Intelligence / Machine Learning
2019-10-03 14:10:21,669  INFO [main] LogReports:23 - Home › Services › Digital Life › Artificial Intelligence / Machine Learning
2019-10-03 14:10:25,722  INFO [main] LogReports:23 - Augmented Reality / Virtual Reality
2019-10-03 14:10:25,755  INFO [main] LogReports:23 - Home › Services › Digital Life › Augmented Reality / Virtual Reality
2019-10-03 14:10:30,849  INFO [main] LogReports:23 - Internet of Things
2019-10-03 14:10:30,880  INFO [main] LogReports:23 - Home › Services › Digital Life › Internet of Things
2019-10-03 14:20:38,031  INFO [main] LogReports:23 - Chrome browser invoked...
2019-10-03 14:20:46,482  INFO [main] LogReports:23 - Application opened...
2019-10-03 14:20:59,373  INFO [main] LogReports:23 - Artificial Intelligence / Machine Learning
2019-10-03 14:20:59,411  INFO [main] LogReports:23 - Home › Services › Digital Life › Artificial Intelligence / Machine Learning
2019-10-03 14:21:03,973  INFO [main] LogReports:23 - Augmented Reality / Virtual Reality
2019-10-03 14:21:04,003  INFO [main] LogReports:23 - Home › Services › Digital Life › Augmented Reality / Virtual Reality
2019-10-03 14:21:08,314  INFO [main] LogReports:23 - Internet of Things
2019-10-03 14:21:08,344  INFO [main] LogReports:23 - Home › Services › Digital Life › Internet of Things
2019-10-03 14:23:16,708  INFO [main] LogReports:23 - Chrome browser invoked...
2019-10-03 14:23:32,829  INFO [main] LogReports:23 - Application opened...
2019-10-03 14:23:45,370  INFO [main] LogReports:23 - Artificial Intelligence / Machine Learning
2019-10-03 14:23:45,403  INFO [main] LogReports:23 - Home › Services › Digital Life › Artificial Intelligence / Machine Learning
2019-10-03 14:23:50,141  INFO [main] LogReports:23 - Augmented Reality / Virtual Reality
2019-10-03 14:23:50,170  INFO [main] LogReports:23 - Home › Services › Digital Life › Augmented Reality / Virtual Reality
2019-10-03 14:23:54,335  INFO [main] LogReports:23 - Internet of Things
2019-10-03 14:23:54,375  INFO [main] LogReports:23 - Home › Services › Digital Life › Internet of Things
2019-10-03 14:27:16,207  INFO [main] LogReports:23 - Chrome browser invoked...
2019-10-03 14:27:25,003  INFO [main] LogReports:23 - Application opened...
2019-10-03 14:27:37,899  INFO [main] LogReports:23 - Artificial Intelligence / Machine Learning
2019-10-03 14:27:37,934  INFO [main] LogReports:23 - Home › Services › Digital Life › Artificial Intelligence / Machine Learning
2019-10-03 14:27:41,854  INFO [main] LogReports:23 - Augmented Reality / Virtual Reality
2019-10-03 14:27:41,882  INFO [main] LogReports:23 - Home › Services › Digital Life › Augmented Reality / Virtual Reality
2019-10-03 14:27:45,874  INFO [main] LogReports:23 - Internet of Things
2019-10-03 14:27:45,903  INFO [main] LogReports:23 - Home › Services › Digital Life › Internet of Things
2019-10-03 14:30:12,408  INFO [main] LogReports:23 - Chrome browser invoked...
2019-10-03 14:30:21,064  INFO [main] LogReports:23 - Application opened...
2019-10-03 14:30:34,691  INFO [main] LogReports:23 - Artificial Intelligence / Machine Learning
2019-10-03 14:30:34,725  INFO [main] LogReports:23 - Home › Services › Digital Life › Artificial Intelligence / Machine Learning
2019-10-03 14:30:38,706  INFO [main] LogReports:23 - Augmented Reality / Virtual Reality
2019-10-03 14:30:38,745  INFO [main] LogReports:23 - Home › Services › Digital Life › Augmented Reality / Virtual Reality
2019-10-03 14:30:42,846  INFO [main] LogReports:23 - Internet of Things
2019-10-03 14:30:42,876  INFO [main] LogReports:23 - Home › Services › Digital Life › Internet of Things
2019-10-03 14:30:46,934  INFO [main] LogReports:23 - Internet of Things
2019-10-03 14:30:46,963  INFO [main] LogReports:23 - Home › Services › Digital Life › Internet of Things
2019-10-03 14:38:33,442  INFO [main] LogReports:23 - Chrome browser invoked...
2019-10-03 14:38:43,108  INFO [main] LogReports:23 - Application opened...
2019-10-03 14:38:55,741  INFO [main] LogReports:23 - Artificial Intelligence / Machine Learning
2019-10-03 14:38:55,774  INFO [main] LogReports:23 - Home › Services › Digital Life › Artificial Intelligence / Machine Learning
2019-10-03 14:38:59,741  INFO [main] LogReports:23 - Augmented Reality / Virtual Reality
2019-10-03 14:38:59,769  INFO [main] LogReports:23 - Home › Services › Digital Life › Augmented Reality / Virtual Reality
2019-10-03 14:39:04,955  INFO [main] LogReports:23 - Internet of Things
2019-10-03 14:39:04,998  INFO [main] LogReports:23 - Home › Services › Digital Life › Internet of Things
2019-10-03 14:39:10,714  INFO [main] LogReports:23 - Internet of Things
2019-10-03 14:39:10,743  INFO [main] LogReports:23 - Home › Services › Digital Life › Internet of Things
2019-10-03 14:39:14,823  INFO [main] LogReports:23 - Internet of Things
2019-10-03 14:39:14,860  INFO [main] LogReports:23 - Home › Services › Digital Life › Internet of Things
2019-10-03 14:51:22,821  INFO [main] LogReports:23 - Chrome browser invoked...
2019-10-03 14:51:31,334  INFO [main] LogReports:23 - Application opened...
2019-10-03 14:51:44,933  INFO [main] LogReports:23 - Artificial Intelligence / Machine Learning
2019-10-03 14:51:44,966  INFO [main] LogReports:23 - Home › Services › Digital Life › Artificial Intelligence / Machine Learning
2019-10-03 14:51:49,057  INFO [main] LogReports:23 - Augmented Reality / Virtual Reality
2019-10-03 14:51:49,085  INFO [main] LogReports:23 - Home › Services › Digital Life › Augmented Reality / Virtual Reality
2019-10-03 14:51:53,045  INFO [main] LogReports:23 - Internet of Things
2019-10-03 14:51:53,084  INFO [main] LogReports:23 - Home › Services › Digital Life › Internet of Things
2019-10-03 14:51:57,149  INFO [main] LogReports:23 - Internet of Things
2019-10-03 14:51:57,175  INFO [main] LogReports:23 - Home › Services › Digital Life › Internet of Things
2019-10-03 14:52:01,447  INFO [main] LogReports:23 - Internet of Things
2019-10-03 14:52:01,474  INFO [main] LogReports:23 - Home › Services › Digital Life › Internet of Things
2019-10-03 15:08:06,097  INFO [main] LogReports:23 - Chrome browser invoked...
2019-10-03 15:08:15,473  INFO [main] LogReports:23 - Application opened...
2019-10-03 15:08:55,411  INFO [main] LogReports:23 - Chrome browser invoked...
2019-10-03 15:09:04,091  INFO [main] LogReports:23 - Application opened...
2019-10-03 15:09:19,747  INFO [main] LogReports:23 - Artificial Intelligence / Machine Learning
2019-10-03 15:09:19,783  INFO [main] LogReports:23 - Home › Services › Digital Life › Artificial Intelligence / Machine Learning
2019-10-03 15:09:25,164  INFO [main] LogReports:23 - Augmented Reality / Virtual Reality
2019-10-03 15:09:25,206  INFO [main] LogReports:23 - Home › Services › Digital Life › Augmented Reality / Virtual Reality
2019-10-03 15:09:29,217  INFO [main] LogReports:23 - Internet of Things
2019-10-03 15:09:29,244  INFO [main] LogReports:23 - Home › Services › Digital Life › Internet of Things
2019-10-03 15:09:33,442  INFO [main] LogReports:23 - Robotic Process Automation & ChatBOTs
2019-10-03 15:09:33,471  INFO [main] LogReports:23 - Home › Services › Digital Life › Robotic Process Automation & ChatBOTs
2019-10-03 15:09:37,798  INFO [main] LogReports:23 - Block Chain
2019-10-03 15:09:37,822  INFO [main] LogReports:23 - Home › Services › Digital Life › Blockchain
2019-10-03 15:28:48,698  INFO [main] LogReports:23 - Chrome browser invoked...
2019-10-03 15:28:57,986  INFO [main] LogReports:23 - Application opened...
2019-10-03 15:29:04,485  INFO [main] LogReports:23 - Artificial Intelligence / Machine Learning
2019-10-03 15:29:04,519  INFO [main] LogReports:23 - Home › Services › Digital Life › Artificial Intelligence / Machine Learning
2019-10-03 15:29:08,614  INFO [main] LogReports:23 - Augmented Reality / Virtual Reality
2019-10-03 15:29:08,640  INFO [main] LogReports:23 - Home › Services › Digital Life › Augmented Reality / Virtual Reality
2019-10-03 15:29:12,823  INFO [main] LogReports:23 - Internet of Things
2019-10-03 15:29:12,859  INFO [main] LogReports:23 - Home › Services › Digital Life › Internet of Things
2019-10-03 15:29:16,843  INFO [main] LogReports:23 - Robotic Process Automation & ChatBOTs
2019-10-03 15:29:16,868  INFO [main] LogReports:23 - Home › Services › Digital Life › Robotic Process Automation & ChatBOTs
2019-10-03 15:29:21,273  INFO [main] LogReports:23 - Block Chain
2019-10-03 15:29:21,301  INFO [main] LogReports:23 - Home › Services › Digital Life › Blockchain
2019-10-03 15:33:57,379  INFO [main] LogReports:23 - Chrome browser invoked...
2019-10-03 15:34:06,126  INFO [main] LogReports:23 - Application opened...
2019-10-03 15:38:51,658  INFO [main] LogReports:23 - Chrome browser invoked...
2019-10-03 15:39:09,216  INFO [main] LogReports:23 - Application opened...
2019-10-03 15:39:24,170  INFO [main] LogReports:23 - Artificial Intelligence / Machine Learning
2019-10-03 15:39:24,201  INFO [main] LogReports:23 - Home › Services › Digital Life › Artificial Intelligence / Machine Learning
2019-10-03 15:39:28,294  INFO [main] LogReports:23 - Augmented Reality / Virtual Reality
2019-10-03 15:39:28,318  INFO [main] LogReports:23 - Home › Services › Digital Life › Augmented Reality / Virtual Reality
2019-10-03 15:39:32,312  INFO [main] LogReports:23 - Internet of Things
2019-10-03 15:39:32,343  INFO [main] LogReports:23 - Home › Services › Digital Life › Internet of Things
2019-10-03 15:39:36,295  INFO [main] LogReports:23 - Robotic Process Automation & ChatBOTs
2019-10-03 15:39:36,327  INFO [main] LogReports:23 - Home › Services › Digital Life › Robotic Process Automation & ChatBOTs
2019-10-03 15:39:40,390  INFO [main] LogReports:23 - Block Chain
2019-10-03 15:39:40,416  INFO [main] LogReports:23 - Home › Services › Digital Life › Blockchain
2019-10-03 16:08:34,317  INFO [main] LogReports:23 - Chrome browser invoked...
2019-10-03 16:08:43,085  INFO [main] LogReports:23 - Application opened...
2019-10-03 16:08:57,232  INFO [main] LogReports:23 - Artificial Intelligence / Machine Learning
2019-10-03 16:08:57,262  INFO [main] LogReports:23 - Home › Services › Digital Life › Artificial Intelligence / Machine Learning
2019-10-03 16:09:01,298  INFO [main] LogReports:23 - Augmented Reality / Virtual Reality
2019-10-03 16:09:01,329  INFO [main] LogReports:23 - Home › Services › Digital Life › Augmented Reality / Virtual Reality
2019-10-03 16:09:05,973  INFO [main] LogReports:23 - Internet of Things
2019-10-03 16:09:05,999  INFO [main] LogReports:23 - Home › Services › Digital Life › Internet of Things
2019-10-03 16:09:10,134  INFO [main] LogReports:23 - Robotic Process Automation & ChatBOTs
2019-10-03 16:09:10,165  INFO [main] LogReports:23 - Home › Services › Digital Life › Robotic Process Automation & ChatBOTs
2019-10-03 16:09:14,243  INFO [main] LogReports:23 - Block Chain
2019-10-03 16:09:14,268  INFO [main] LogReports:23 - Home › Services › Digital Life › Blockchain
2019-10-03 16:10:58,110  INFO [main] LogReports:23 - Chrome browser invoked...
2019-10-03 16:11:07,121  INFO [main] LogReports:23 - Application opened...
2019-10-03 16:11:20,539  INFO [main] LogReports:23 - Artificial Intelligence / Machine Learning
2019-10-03 16:11:20,571  INFO [main] LogReports:23 - Home › Services › Digital Life › Artificial Intelligence / Machine Learning
2019-10-03 16:11:24,755  INFO [main] LogReports:23 - Augmented Reality / Virtual Reality
2019-10-03 16:11:24,785  INFO [main] LogReports:23 - Home › Services › Digital Life › Augmented Reality / Virtual Reality
2019-10-03 16:11:28,764  INFO [main] LogReports:23 - Internet of Things
2019-10-03 16:11:28,799  INFO [main] LogReports:23 - Home › Services › Digital Life › Internet of Things
2019-10-03 16:11:32,747  INFO [main] LogReports:23 - Robotic Process Automation & ChatBOTs
2019-10-03 16:11:32,776  INFO [main] LogReports:23 - Home › Services › Digital Life › Robotic Process Automation & ChatBOTs
2019-10-03 16:11:36,914  INFO [main] LogReports:23 - Block Chain
2019-10-03 16:11:36,951  INFO [main] LogReports:23 - Home › Services › Digital Life › Blockchain
2019-10-03 16:12:35,523  INFO [main] LogReports:23 - Chrome browser invoked...
2019-10-03 16:12:44,868  INFO [main] LogReports:23 - Application opened...
2019-10-03 16:13:00,647  INFO [main] LogReports:23 - Artificial Intelligence / Machine Learning
2019-10-03 16:13:00,688  INFO [main] LogReports:23 - Home › Services › Digital Life › Artificial Intelligence / Machine Learning
2019-10-03 16:13:06,011  INFO [main] LogReports:23 - Augmented Reality / Virtual Reality
2019-10-03 16:13:06,042  INFO [main] LogReports:23 - Home › Services › Digital Life › Augmented Reality / Virtual Reality
2019-10-03 16:13:10,746  INFO [main] LogReports:23 - Internet of Things
2019-10-03 16:13:10,776  INFO [main] LogReports:23 - Home › Services › Digital Life › Internet of Things
2019-10-03 16:13:15,172  INFO [main] LogReports:23 - Robotic Process Automation & ChatBOTs
2019-10-03 16:13:15,198  INFO [main] LogReports:23 - Home › Services › Digital Life › Robotic Process Automation & ChatBOTs
2019-10-03 16:13:20,171  INFO [main] LogReports:23 - Block Chain
2019-10-03 16:13:20,200  INFO [main] LogReports:23 - Home › Services › Digital Life › Blockchain
2019-10-03 16:27:51,928  INFO [main] LogReports:23 - Chrome browser invoked...
2019-10-03 16:28:01,094  INFO [main] LogReports:23 - Application opened...
2019-10-03 16:28:14,239  INFO [main] LogReports:23 - Artificial Intelligence / Machine Learning
2019-10-03 16:28:14,269  INFO [main] LogReports:23 - Home › Services › Digital Life › Artificial Intelligence / Machine Learning
2019-10-03 16:28:18,334  INFO [main] LogReports:23 - Augmented Reality / Virtual Reality
2019-10-03 16:28:18,360  INFO [main] LogReports:23 - Home › Services › Digital Life › Augmented Reality / Virtual Reality
2019-10-03 16:28:22,377  INFO [main] LogReports:23 - Internet of Things
2019-10-03 16:28:22,406  INFO [main] LogReports:23 - Home › Services › Digital Life › Internet of Things
2019-10-03 16:28:26,523  INFO [main] LogReports:23 - Robotic Process Automation & ChatBOTs
2019-10-03 16:28:26,553  INFO [main] LogReports:23 - Home › Services › Digital Life › Robotic Process Automation & ChatBOTs
2019-10-03 16:28:30,816  INFO [main] LogReports:23 - Block Chain
2019-10-03 16:28:30,841  INFO [main] LogReports:23 - Home › Services › Digital Life › Blockchain
2019-10-03 16:29:23,358  INFO [main] LogReports:23 - Chrome browser invoked...
2019-10-03 16:29:32,827  INFO [main] LogReports:23 - Application opened...
2019-10-03 16:29:46,278  INFO [main] LogReports:23 - Artificial Intelligence / Machine Learning
2019-10-03 16:29:46,313  INFO [main] LogReports:23 - Home › Services › Digital Life › Artificial Intelligence / Machine Learning
2019-10-03 16:29:50,251  INFO [main] LogReports:23 - Augmented Reality / Virtual Reality
2019-10-03 16:29:50,280  INFO [main] LogReports:23 - Home › Services › Digital Life › Augmented Reality / Virtual Reality
2019-10-03 16:29:54,270  INFO [main] LogReports:23 - Internet of Things
2019-10-03 16:29:54,303  INFO [main] LogReports:23 - Home › Services › Digital Life › Internet of Things
2019-10-03 16:29:58,603  INFO [main] LogReports:23 - Robotic Process Automation & ChatBOTs
2019-10-03 16:29:58,629  INFO [main] LogReports:23 - Home › Services › Digital Life › Robotic Process Automation & ChatBOTs
2019-10-03 16:30:02,974  INFO [main] LogReports:23 - Block Chain
2019-10-03 16:30:03,002  INFO [main] LogReports:23 - Home › Services › Digital Life › Blockchain
2019-10-03 16:31:48,195  INFO [main] LogReports:23 - Chrome browser invoked...
2019-10-03 16:31:57,852  INFO [main] LogReports:23 - Application opened...
2019-10-03 16:32:11,729  INFO [main] LogReports:23 - Artificial Intelligence / Machine Learning
2019-10-03 16:32:11,767  INFO [main] LogReports:23 - Home › Services › Digital Life › Artificial Intelligence / Machine Learning
2019-10-03 16:32:15,971  INFO [main] LogReports:23 - Augmented Reality / Virtual Reality
2019-10-03 16:32:15,998  INFO [main] LogReports:23 - Home › Services › Digital Life › Augmented Reality / Virtual Reality
2019-10-03 16:32:20,169  INFO [main] LogReports:23 - Internet of Things
2019-10-03 16:32:20,207  INFO [main] LogReports:23 - Home › Services › Digital Life › Internet of Things
2019-10-03 16:32:25,471  INFO [main] LogReports:23 - Robotic Process Automation & ChatBOTs
2019-10-03 16:32:25,501  INFO [main] LogReports:23 - Home › Services › Digital Life › Robotic Process Automation & ChatBOTs
2019-10-03 16:32:29,820  INFO [main] LogReports:23 - Block Chain
2019-10-03 16:32:29,846  INFO [main] LogReports:23 - Home › Services › Digital Life › Blockchain
2019-10-03 16:37:29,696  INFO [main] LogReports:23 - Chrome browser invoked...
2019-10-03 16:37:38,985  INFO [main] LogReports:23 - Application opened...
2019-10-03 16:37:54,275  INFO [main] LogReports:23 - Artificial Intelligence / Machine Learning
2019-10-03 16:37:54,307  INFO [main] LogReports:23 - Home › Services › Digital Life › Artificial Intelligence / Machine Learning
2019-10-03 16:37:58,812  INFO [main] LogReports:23 - Augmented Reality / Virtual Reality
2019-10-03 16:37:58,843  INFO [main] LogReports:23 - Home › Services › Digital Life › Augmented Reality / Virtual Reality
2019-10-03 16:38:04,015  INFO [main] LogReports:23 - Internet of Things
2019-10-03 16:38:04,050  INFO [main] LogReports:23 - Home › Services › Digital Life › Internet of Things
2019-10-03 16:38:08,018  INFO [main] LogReports:23 - Robotic Process Automation & ChatBOTs
2019-10-03 16:38:08,044  INFO [main] LogReports:23 - Home › Services › Digital Life › Robotic Process Automation & ChatBOTs
2019-10-03 16:38:12,565  INFO [main] LogReports:23 - Block Chain
2019-10-03 16:38:12,597  INFO [main] LogReports:23 - Home › Services › Digital Life › Blockchain
2019-10-03 16:46:35,989  INFO [main] LogReports:23 - Chrome browser invoked...
2019-10-03 16:46:46,049  INFO [main] LogReports:23 - Application opened...
2019-10-03 16:47:01,155  INFO [main] LogReports:23 - Artificial Intelligence / Machine Learning
2019-10-03 16:47:01,223  INFO [main] LogReports:23 - Home › Services › Digital Life › Artificial Intelligence / Machine Learning
2019-10-03 16:47:08,843  INFO [main] LogReports:23 - Augmented Reality / Virtual Reality
2019-10-03 16:47:08,911  INFO [main] LogReports:23 - Home › Services › Digital Life › Augmented Reality / Virtual Reality
2019-10-03 16:47:15,056  INFO [main] LogReports:23 - Internet of Things
2019-10-03 16:47:15,089  INFO [main] LogReports:23 - Home › Services › Digital Life › Internet of Things
2019-10-03 16:47:19,775  INFO [main] LogReports:23 - Robotic Process Automation & ChatBOTs
2019-10-03 16:47:19,807  INFO [main] LogReports:23 - Home › Services › Digital Life › Robotic Process Automation & ChatBOTs
2019-10-03 16:47:23,762  INFO [main] LogReports:23 - Block Chain
2019-10-03 16:47:23,793  INFO [main] LogReports:23 - Home › Services › Digital Life › Blockchain
2019-10-03 17:03:10,960  INFO [main] LogReports:23 - Chrome browser invoked...
2019-10-03 17:03:19,919  INFO [main] LogReports:23 - Application opened...
2019-10-03 17:03:33,360  INFO [main] LogReports:23 - Artificial Intelligence / Machine Learning
2019-10-03 17:03:33,390  INFO [main] LogReports:23 - Home › Services › Digital Life › Artificial Intelligence / Machine Learning
2019-10-03 17:03:37,578  INFO [main] LogReports:23 - Augmented Reality / Virtual Reality
2019-10-03 17:03:37,604  INFO [main] LogReports:23 - Home › Services › Digital Life › Augmented Reality / Virtual Reality
2019-10-03 17:03:41,675  INFO [main] LogReports:23 - Internet of Things
2019-10-03 17:03:41,709  INFO [main] LogReports:23 - Home › Services › Digital Life › Internet of Things
2019-10-03 17:03:45,652  INFO [main] LogReports:23 - Robotic Process Automation & ChatBOTs
2019-10-03 17:03:45,682  INFO [main] LogReports:23 - Home › Services › Digital Life › Robotic Process Automation & ChatBOTs
2019-10-03 17:03:49,746  INFO [main] LogReports:23 - Block Chain
2019-10-03 17:03:49,774  INFO [main] LogReports:23 - Home › Services › Digital Life › Blockchain
2019-10-03 17:11:10,432  INFO [main] LogReports:23 - Browser invoked...
2019-10-03 17:11:19,357  INFO [main] LogReports:23 - Application opened...
2019-10-03 17:11:34,048  INFO [main] LogReports:23 - Browser invoked...
2019-10-03 17:11:36,668  INFO [main] LogReports:23 - Application opened...
2019-10-03 17:13:06,454  INFO [main] LogReports:23 - Browser invoked...
2019-10-03 17:13:10,231  INFO [main] LogReports:23 - Application opened...
2019-10-03 17:22:01,782  INFO [main] LogReports:23 - Browser invoked...
2019-10-03 17:22:11,364  INFO [main] LogReports:23 - Application opened...
2019-10-03 17:22:27,160  INFO [main] LogReports:23 - Artificial Intelligence / Machine Learning
2019-10-03 17:22:27,192  INFO [main] LogReports:23 - Home › Services › Digital Life › Artificial Intelligence / Machine Learning
2019-10-03 17:22:32,498  INFO [main] LogReports:23 - Augmented Reality / Virtual Reality
2019-10-03 17:22:32,536  INFO [main] LogReports:23 - Home › Services › Digital Life › Augmented Reality / Virtual Reality
2019-10-03 17:22:37,929  INFO [main] LogReports:23 - Internet of Things
2019-10-03 17:22:37,960  INFO [main] LogReports:23 - Home › Services › Digital Life › Internet of Things
2019-10-03 17:22:42,391  INFO [main] LogReports:23 - Robotic Process Automation & ChatBOTs
2019-10-03 17:22:42,422  INFO [main] LogReports:23 - Home › Services › Digital Life › Robotic Process Automation & ChatBOTs
2019-10-03 17:22:46,940  INFO [main] LogReports:23 - Block Chain
2019-10-03 17:22:46,967  INFO [main] LogReports:23 - Home › Services › Digital Life › Blockchain
2019-10-03 17:28:13,005  INFO [main] LogReports:23 - Browser invoked...
2019-10-03 17:28:22,381  INFO [main] LogReports:23 - Application opened...
2019-10-03 17:28:35,973  INFO [main] LogReports:23 - Artificial Intelligence / Machine Learning
2019-10-03 17:28:36,003  INFO [main] LogReports:23 - Home › Services › Digital Life › Artificial Intelligence / Machine Learning
2019-10-03 17:28:40,078  INFO [main] LogReports:23 - Augmented Reality / Virtual Reality
2019-10-03 17:28:40,108  INFO [main] LogReports:23 - Home › Services › Digital Life › Augmented Reality / Virtual Reality
2019-10-03 17:28:44,191  INFO [main] LogReports:23 - Internet of Things
2019-10-03 17:28:44,234  INFO [main] LogReports:23 - Home › Services › Digital Life › Internet of Things
2019-10-03 17:28:48,209  INFO [main] LogReports:23 - Robotic Process Automation & ChatBOTs
2019-10-03 17:28:48,233  INFO [main] LogReports:23 - Home › Services › Digital Life › Robotic Process Automation & ChatBOTs
2019-10-03 17:28:52,234  INFO [main] LogReports:23 - Block Chain
2019-10-03 17:28:52,259  INFO [main] LogReports:23 - Home › Services › Digital Life › Blockchain
2019-10-03 18:01:36,477  INFO [main] LogReports:23 - Browser invoked...
2019-10-03 18:01:45,641  INFO [main] LogReports:23 - Application opened...
2019-10-03 18:02:17,846  INFO [main] LogReports:23 - Browser invoked...
2019-10-03 18:02:27,261  INFO [main] LogReports:23 - Application opened...
2019-10-03 18:02:41,766  INFO [main] LogReports:23 - Artificial Intelligence / Machine Learning
2019-10-03 18:02:41,798  INFO [main] LogReports:23 - Home › Services › Digital Life › Artificial Intelligence / Machine Learning
2019-10-03 18:03:07,558  INFO [main] LogReports:23 - Browser invoked...
2019-10-03 18:03:17,166  INFO [main] LogReports:23 - Application opened...
2019-10-03 18:03:30,925  INFO [main] LogReports:23 - Artificial Intelligence / Machine Learning
2019-10-03 18:03:30,958  INFO [main] LogReports:23 - Home › Services › Digital Life › Artificial Intelligence / Machine Learning
2019-10-03 18:04:28,801  INFO [main] LogReports:23 - Browser invoked...
2019-10-03 18:04:38,205  INFO [main] LogReports:23 - Application opened...
2019-10-03 18:04:52,135  INFO [main] LogReports:23 - Artificial Intelligence / Machine Learning
2019-10-03 18:04:52,177  INFO [main] LogReports:23 - Home › Services › Digital Life › Artificial Intelligence / Machine Learning
2019-10-03 18:04:56,354  INFO [main] LogReports:23 - Augmented Reality / Virtual Reality
2019-10-03 18:04:56,380  INFO [main] LogReports:23 - Home › Services › Digital Life › Augmented Reality / Virtual Reality
2019-10-03 18:05:00,421  INFO [main] LogReports:23 - Internet of Things
2019-10-03 18:05:00,447  INFO [main] LogReports:23 - Home › Services › Digital Life › Internet of Things
2019-10-03 18:05:05,570  INFO [main] LogReports:23 - Robotic Process Automation & ChatBOTs
2019-10-03 18:05:05,600  INFO [main] LogReports:23 - Home › Services › Digital Life › Robotic Process Automation & ChatBOTs
2019-10-03 18:05:11,239  INFO [main] LogReports:23 - Block Chain
2019-10-03 18:05:11,265  INFO [main] LogReports:23 - Home › Services › Digital Life › Blockchain
